\BOOKMARK [0][-]{title.0}{\376\377\000T\000i\000t\000l\000e}{}% 1
\BOOKMARK [0][-]{chapter.1}{\376\377\0001\000\040\000I\000n\000t\000r\000o\000d\000u\000c\000c\000i\000\363\000n}{}% 2
\BOOKMARK [0][-]{chapter.2}{\376\377\0002\000\040\000O\000b\000j\000e\000t\000i\000v\000o\000s}{}% 3
\BOOKMARK [1][-]{section.2.1}{\376\377\0002\000.\0001\000\040\000G\000e\000n\000e\000r\000a\000l}{chapter.2}% 4
\BOOKMARK [1][-]{section.2.2}{\376\377\0002\000.\0002\000\040\000E\000s\000p\000e\000c\000\355\000f\000i\000c\000o\000s}{chapter.2}% 5
\BOOKMARK [0][-]{chapter.3}{\376\377\0003\000\040\000M\000a\000r\000c\000o\000\040\000t\000e\000\363\000r\000i\000c\000o}{}% 6
\BOOKMARK [1][-]{section.3.1}{\376\377\0003\000.\0001\000\040\000D\000i\000n\000\341\000m\000i\000c\000a\000\040\000d\000e\000\040\000l\000a\000\040\000a\000t\000m\000\363\000s\000f\000e\000r\000a}{chapter.3}% 7
\BOOKMARK [2][-]{subsection.3.1.1}{\376\377\0003\000.\0001\000.\0001\000\040\000C\000o\000n\000c\000e\000p\000t\000o\000s\000\040\000b\000\341\000s\000i\000c\000o\000s\000\040\000d\000e\000l\000\040\000s\000i\000s\000t\000e\000m\000a\000\040\000c\000l\000i\000m\000\341\000t\000i\000c\000o}{section.3.1}% 8
\BOOKMARK [2][-]{subsection.3.1.2}{\376\377\0003\000.\0001\000.\0002\000\040\000V\000a\000r\000i\000a\000b\000l\000e\000s\000\040\000a\000t\000m\000o\000s\000f\000\351\000r\000i\000c\000a\000s\000\040\000r\000e\000l\000e\000v\000a\000n\000t\000e\000s}{section.3.1}% 9
\BOOKMARK [2][-]{subsection.3.1.3}{\376\377\0003\000.\0001\000.\0003\000\040\000P\000r\000o\000c\000e\000s\000o\000s\000\040\000t\000e\000r\000m\000o\000d\000i\000n\000\341\000m\000i\000c\000o\000s}{section.3.1}% 10
\BOOKMARK [1][-]{section.3.2}{\376\377\0003\000.\0002\000\040\000M\000e\000c\000a\000n\000i\000s\000m\000o\000s\000\040\000d\000e\000\040\000f\000o\000r\000m\000a\000c\000i\000\363\000n\000\040\000d\000e\000\040\000l\000a\000\040\000p\000r\000e\000c\000i\000p\000i\000t\000a\000c\000i\000\363\000n}{chapter.3}% 11
\BOOKMARK [2][-]{subsection.3.2.1}{\376\377\0003\000.\0002\000.\0001\000\040\000S\000a\000t\000u\000r\000a\000c\000i\000\363\000n\000,\000\040\000c\000o\000n\000d\000e\000n\000s\000a\000c\000i\000\363\000n\000\040\000y\000\040\000f\000o\000r\000m\000a\000c\000i\000\363\000n\000\040\000d\000e\000\040\000n\000u\000b\000e\000s}{section.3.2}% 12
\BOOKMARK [2][-]{subsection.3.2.2}{\376\377\0003\000.\0002\000.\0002\000\040\000P\000r\000o\000c\000e\000s\000o\000s\000\040\000d\000e\000\040\000c\000o\000l\000i\000s\000i\000\363\000n\000-\000c\000o\000a\000l\000e\000s\000c\000e\000n\000c\000i\000a\000\040\000y\000\040\000B\000e\000r\000g\000e\000r\000o\000n\000-\000F\000i\000n\000d\000e\000i\000s\000e\000n}{section.3.2}% 13
\BOOKMARK [2][-]{subsection.3.2.3}{\376\377\0003\000.\0002\000.\0003\000\040\000A\000s\000c\000e\000n\000s\000o\000\040\000d\000e\000\040\000m\000a\000s\000a\000s\000\040\000d\000e\000\040\000a\000i\000r\000e}{section.3.2}% 14
\BOOKMARK [1][-]{section.3.3}{\376\377\0003\000.\0003\000\040\000V\000a\000r\000i\000a\000b\000l\000e\000s\000\040\000f\000\355\000s\000i\000c\000a\000s\000\040\000r\000e\000l\000e\000v\000a\000n\000t\000e\000s\000\040\000p\000a\000r\000a\000\040\000l\000a\000\040\000p\000r\000e\000d\000i\000c\000c\000i\000\363\000n\000\040\000d\000e\000\040\000p\000r\000e\000c\000i\000p\000i\000t\000a\000c\000i\000\363\000n\000\040\000l\000o\000c\000a\000l}{chapter.3}% 15
\BOOKMARK [2][-]{subsection.3.3.1}{\376\377\0003\000.\0003\000.\0001\000\040\000T\000e\000m\000p\000e\000r\000a\000t\000u\000r\000a\000\040\000s\000u\000p\000e\000r\000f\000i\000c\000i\000a\000l\000\040\000d\000e\000l\000\040\000m\000a\000r\000\040\000\050\000S\000S\000T\000\051}{section.3.3}% 16
\BOOKMARK [2][-]{subsection.3.3.2}{\376\377\0003\000.\0003\000.\0002\000\040\000H\000u\000m\000e\000d\000a\000d\000\040\000r\000e\000l\000a\000t\000i\000v\000a\000\040\000y\000\040\000e\000s\000p\000e\000c\000\355\000f\000i\000c\000a}{section.3.3}% 17
\BOOKMARK [2][-]{subsection.3.3.3}{\376\377\0003\000.\0003\000.\0003\000\040\000V\000i\000e\000n\000t\000o\000\040\000\050\000c\000o\000m\000p\000o\000n\000e\000n\000t\000e\000s\000\040\000z\000o\000n\000a\000l\000\040\000y\000\040\000m\000e\000r\000i\000d\000i\000o\000n\000a\000l\000\051}{section.3.3}% 18
\BOOKMARK [2][-]{subsection.3.3.4}{\376\377\0003\000.\0003\000.\0004\000\040\000G\000e\000o\000p\000o\000t\000e\000n\000c\000i\000a\000l}{section.3.3}% 19
\BOOKMARK [2][-]{subsection.3.3.5}{\376\377\0003\000.\0003\000.\0005\000\040\000T\000e\000l\000e\000c\000o\000n\000e\000x\000i\000o\000n\000e\000s\000\040\000c\000l\000i\000m\000\341\000t\000i\000c\000a\000s\000\040\000\050\000E\000N\000S\000O\000,\000\040\000A\000M\000O\000,\000\040\000T\000N\000A\000\051}{section.3.3}% 20
\BOOKMARK [2][-]{subsection.3.3.6}{\376\377\0003\000.\0003\000.\0006\000\040\000P\000r\000e\000s\000i\000\363\000n\000\040\000a\000t\000m\000o\000s\000f\000\351\000r\000i\000c\000a\000\040\000e\000n\000\040\000l\000a\000\040\000s\000u\000p\000e\000r\000f\000i\000c\000i\000e}{section.3.3}% 21
\BOOKMARK [2][-]{subsection.3.3.7}{\376\377\0003\000.\0003\000.\0007\000\040\000O\000s\000c\000i\000l\000a\000c\000i\000\363\000n\000\040\000M\000a\000d\000d\000e\000n\000-\000J\000u\000l\000i\000a\000n\000\040\000\050\000M\000J\000O\000\051}{section.3.3}% 22
\BOOKMARK [2][-]{subsection.3.3.8}{\376\377\0003\000.\0003\000.\0008\000\040\000P\000r\000e\000c\000i\000p\000i\000t\000a\000c\000i\000\363\000n\000\040\000g\000l\000o\000b\000a\000l}{section.3.3}% 23
\BOOKMARK [1][-]{section.3.4}{\376\377\0003\000.\0004\000\040\000S\000e\000r\000i\000e\000s\000\040\000d\000e\000\040\000t\000i\000e\000m\000p\000o\000\040\000e\000n\000\040\000c\000l\000i\000m\000a\000t\000o\000l\000o\000g\000\355\000a}{chapter.3}% 24
\BOOKMARK [2][-]{subsection.3.4.1}{\376\377\0003\000.\0004\000.\0001\000\040\000D\000e\000f\000i\000n\000i\000c\000i\000\363\000n\000\040\000y\000\040\000c\000o\000m\000p\000o\000n\000e\000n\000t\000e\000s}{section.3.4}% 25
\BOOKMARK [2][-]{subsection.3.4.2}{\376\377\0003\000.\0004\000.\0002\000\040\000A\000u\000t\000o\000c\000o\000r\000r\000e\000l\000a\000c\000i\000\363\000n}{section.3.4}% 26
\BOOKMARK [1][-]{section.3.5}{\376\377\0003\000.\0005\000\040\000R\000e\000l\000a\000c\000i\000\363\000n\000\040\000e\000n\000t\000r\000e\000\040\000p\000r\000o\000c\000e\000s\000o\000s\000\040\000f\000\355\000s\000i\000c\000o\000s\000\040\000y\000\040\000a\000p\000r\000e\000n\000d\000i\000z\000a\000j\000e\000\040\000a\000u\000t\000o\000m\000\341\000t\000i\000c\000o}{chapter.3}% 27
\BOOKMARK [2][-]{subsection.3.5.1}{\376\377\0003\000.\0005\000.\0001\000\040\000N\000a\000t\000u\000r\000a\000l\000e\000z\000a\000\040\000n\000o\000\040\000l\000i\000n\000e\000a\000l\000\040\000d\000e\000l\000\040\000s\000i\000s\000t\000e\000m\000a\000\040\000c\000l\000i\000m\000\341\000t\000i\000c\000o}{section.3.5}% 28
\BOOKMARK [2][-]{subsection.3.5.2}{\376\377\0003\000.\0005\000.\0002\000\040\000L\000i\000m\000i\000t\000a\000c\000i\000o\000n\000e\000s\000\040\000d\000e\000\040\000m\000o\000d\000e\000l\000o\000s\000\040\000f\000\355\000s\000i\000c\000o\000s\000\040\000t\000r\000a\000d\000i\000c\000i\000o\000n\000a\000l\000e\000s}{section.3.5}% 29
\BOOKMARK [2][-]{subsection.3.5.3}{\376\377\0003\000.\0005\000.\0003\000\040\000J\000u\000s\000t\000i\000f\000i\000c\000a\000c\000i\000\363\000n\000\040\000d\000e\000l\000\040\000U\000s\000o\000\040\000d\000e\000\040\000M\000a\000c\000h\000i\000n\000e\000\040\000L\000e\000a\000r\000n\000i\000n\000g}{section.3.5}% 30
\BOOKMARK [2][-]{subsection.3.5.4}{\376\377\0003\000.\0005\000.\0004\000\040\000I\000n\000t\000e\000r\000p\000r\000e\000t\000a\000b\000i\000l\000i\000d\000a\000d\000\040\000f\000\355\000s\000i\000c\000a\000\040\000d\000e\000\040\000l\000o\000s\000\040\000p\000r\000e\000d\000i\000c\000t\000o\000r\000e\000s}{section.3.5}% 31
\BOOKMARK [1][-]{section.3.6}{\376\377\0003\000.\0006\000\040\000R\000e\000d\000e\000s\000\040\000n\000e\000u\000r\000o\000n\000a\000l\000e\000s\000\040\000a\000r\000t\000i\000f\000i\000c\000i\000a\000l\000e\000s}{chapter.3}% 32
\BOOKMARK [2][-]{subsection.3.6.1}{\376\377\0003\000.\0006\000.\0001\000\040\000D\000e\000f\000i\000n\000i\000c\000i\000\363\000n\000\040\000y\000\040\000m\000o\000d\000e\000l\000o\000\040\000m\000a\000t\000e\000m\000\341\000t\000i\000c\000o}{section.3.6}% 33
\BOOKMARK [2][-]{subsection.3.6.2}{\376\377\0003\000.\0006\000.\0002\000\040\000F\000u\000n\000c\000i\000o\000n\000e\000s\000\040\000d\000e\000\040\000a\000c\000t\000i\000v\000a\000c\000i\000\363\000n}{section.3.6}% 34
\BOOKMARK [1][-]{section.3.7}{\376\377\0003\000.\0007\000\040\000R\000e\000d\000e\000s\000\040\000N\000e\000u\000r\000o\000n\000a\000l\000e\000s\000\040\000R\000e\000c\000u\000r\000r\000e\000n\000t\000e\000s\000\040\000\050\000R\000N\000N\000\051}{chapter.3}% 35
\BOOKMARK [2][-]{subsection.3.7.1}{\376\377\0003\000.\0007\000.\0001\000\040\000C\000o\000n\000c\000e\000p\000t\000o\000\040\000d\000e\000\040\000M\000e\000m\000o\000r\000i\000a\000\040\000T\000e\000m\000p\000o\000r\000a\000l}{section.3.7}% 36
\BOOKMARK [2][-]{subsection.3.7.2}{\376\377\0003\000.\0007\000.\0002\000\040\000P\000r\000o\000b\000l\000e\000m\000a\000\040\000d\000e\000l\000\040\000G\000r\000a\000d\000i\000e\000n\000t\000e\000\040\000E\000v\000a\000n\000e\000s\000c\000e\000n\000t\000e}{section.3.7}% 37
\BOOKMARK [1][-]{section.3.8}{\376\377\0003\000.\0008\000\040\000R\000e\000d\000e\000s\000\040\000L\000S\000T\000M\000\040\000\050\000L\000o\000n\000g\000\040\000S\000h\000o\000r\000t\000-\000T\000e\000r\000m\000\040\000M\000e\000m\000o\000r\000y\000\051}{chapter.3}% 38
\BOOKMARK [2][-]{subsection.3.8.1}{\376\377\0003\000.\0008\000.\0001\000\040\000J\000u\000s\000t\000i\000f\000i\000c\000a\000c\000i\000\363\000n\000\040\000d\000e\000\040\000s\000u\000\040\000u\000s\000o}{section.3.8}% 39
\BOOKMARK [2][-]{subsection.3.8.2}{\376\377\0003\000.\0008\000.\0002\000\040\000A\000r\000q\000u\000i\000t\000e\000c\000t\000u\000r\000a\000\040\000i\000n\000t\000e\000r\000n\000a\000\040\000y\000\040\000e\000c\000u\000a\000c\000i\000o\000n\000e\000s\000\040\000f\000u\000n\000d\000a\000m\000e\000n\000t\000a\000l\000e\000s}{section.3.8}% 40
\BOOKMARK [1][-]{section.3.9}{\376\377\0003\000.\0009\000\040\000P\000r\000e\000p\000r\000o\000c\000e\000s\000a\000m\000i\000e\000n\000t\000o\000\040\000d\000e\000\040\000d\000a\000t\000o\000s\000\040\000c\000l\000i\000m\000\341\000t\000i\000c\000o\000s}{chapter.3}% 41
\BOOKMARK [2][-]{subsection.3.9.1}{\376\377\0003\000.\0009\000.\0001\000\040\000N\000o\000r\000m\000a\000l\000i\000z\000a\000c\000i\000\363\000n\000\040\000y\000\040\000E\000s\000t\000a\000n\000d\000a\000r\000i\000z\000a\000c\000i\000\363\000n}{section.3.9}% 42
\BOOKMARK [2][-]{subsection.3.9.2}{\376\377\0003\000.\0009\000.\0002\000\040\000M\000a\000n\000e\000j\000o\000\040\000d\000e\000\040\000D\000a\000t\000o\000s\000\040\000F\000a\000l\000t\000a\000n\000t\000e\000s}{section.3.9}% 43
\BOOKMARK [2][-]{subsection.3.9.3}{\376\377\0003\000.\0009\000.\0003\000\040\000C\000o\000n\000s\000t\000r\000u\000c\000c\000i\000\363\000n\000\040\000d\000e\000\040\000v\000e\000n\000t\000a\000n\000a\000s\000\040\000t\000e\000m\000p\000o\000r\000a\000l\000e\000s}{section.3.9}% 44
\BOOKMARK [2][-]{subsection.3.9.4}{\376\377\0003\000.\0009\000.\0004\000\040\000D\000i\000v\000i\000s\000i\000\363\000n\000\040\000d\000e\000\040\000d\000a\000t\000o\000s}{section.3.9}% 45
\BOOKMARK [1][-]{section.3.10}{\376\377\0003\000.\0001\0000\000\040\000E\000v\000a\000l\000u\000a\000c\000i\000\363\000n\000\040\000d\000e\000\040\000m\000o\000d\000e\000l\000o\000s\000\040\000p\000r\000e\000d\000i\000c\000t\000i\000v\000o\000s}{chapter.3}% 46
\BOOKMARK [2][-]{subsection.3.10.1}{\376\377\0003\000.\0001\0000\000.\0001\000\040\000R\000M\000S\000E\000\040\000\050\000R\000a\000\355\000z\000\040\000d\000e\000l\000\040\000e\000r\000r\000o\000r\000\040\000c\000u\000a\000d\000r\000\341\000t\000i\000c\000o\000\040\000m\000e\000d\000i\000o\000\051}{section.3.10}% 47
\BOOKMARK [2][-]{subsection.3.10.2}{\376\377\0003\000.\0001\0000\000.\0002\000\040\000M\000A\000E\000\040\000\050\000E\000r\000r\000o\000r\000\040\000A\000b\000s\000o\000l\000u\000t\000o\000\040\000M\000e\000d\000i\000o\000\051}{section.3.10}% 48
\BOOKMARK [2][-]{subsection.3.10.3}{\376\377\0003\000.\0001\0000\000.\0003\000\040\000C\000o\000r\000r\000e\000l\000a\000c\000i\000\363\000n\000\040\000d\000e\000\040\000P\000e\000a\000r\000s\000o\000n\000\040\000\050\000r\000\051}{section.3.10}% 49
\BOOKMARK [2][-]{subsection.3.10.4}{\376\377\0003\000.\0001\0000\000.\0004\000\040\000\315\000n\000d\000i\000c\000e\000\040\000d\000e\000\040\000e\000f\000i\000c\000i\000e\000n\000c\000i\000a\000\040\000d\000e\000\040\000N\000a\000s\000h\000-\000S\000u\000t\000c\000l\000i\000f\000f\000e\000\040\000\050\000N\000S\000E\000\051}{section.3.10}% 50
\BOOKMARK [2][-]{subsection.3.10.5}{\376\377\0003\000.\0001\0000\000.\0005\000\040\000E\000f\000i\000c\000i\000e\000n\000c\000i\000a\000\040\000d\000e\000\040\000K\000l\000i\000n\000g\000-\000G\000u\000p\000t\000a\000\040\000\050\000K\000G\000E\000\051}{section.3.10}% 51
\BOOKMARK [1][-]{section.3.11}{\376\377\0003\000.\0001\0001\000\040\000P\000r\000o\000b\000l\000e\000m\000a\000s\000\040\000e\000n\000\040\000e\000l\000\040\000e\000n\000t\000r\000e\000n\000a\000m\000i\000e\000n\000t\000o\000\040\000d\000e\000\040\000m\000o\000d\000e\000l\000o\000s}{chapter.3}% 52
\BOOKMARK [2][-]{subsection.3.11.1}{\376\377\0003\000.\0001\0001\000.\0001\000\040\000O\000v\000e\000r\000f\000i\000t\000t\000i\000n\000g\000\040\000\050\000s\000o\000b\000r\000e\000a\000j\000u\000s\000t\000e\000\051}{section.3.11}% 53
\BOOKMARK [2][-]{subsection.3.11.2}{\376\377\0003\000.\0001\0001\000.\0002\000\040\000U\000n\000d\000e\000r\000f\000i\000t\000t\000i\000n\000g\000\040\000\050\000s\000u\000b\000a\000j\000u\000s\000t\000e\000\051}{section.3.11}% 54
\BOOKMARK [2][-]{subsection.3.11.3}{\376\377\0003\000.\0001\0001\000.\0003\000\040\000T\000\351\000c\000n\000i\000c\000a\000s\000\040\000d\000e\000\040\000r\000e\000g\000u\000l\000a\000r\000i\000z\000a\000c\000i\000\363\000n}{section.3.11}% 55
\BOOKMARK [1][-]{section.3.12}{\376\377\0003\000.\0001\0002\000\040\000C\000o\000n\000t\000e\000x\000t\000o\000\040\000c\000l\000i\000m\000\341\000t\000i\000c\000o\000\040\000d\000e\000\040\000G\000u\000a\000t\000e\000m\000a\000l\000a\000\040\000y\000\040\000r\000e\000g\000i\000\363\000n\000\040\000d\000e\000\040\000B\000o\000c\000a\000c\000o\000s\000t\000a}{chapter.3}% 56
\BOOKMARK [2][-]{subsection.3.12.1}{\376\377\0003\000.\0001\0002\000.\0001\000\040\000E\000s\000t\000a\000c\000i\000o\000n\000a\000l\000i\000d\000a\000d\000\040\000d\000e\000\040\000l\000a\000\040\000p\000r\000e\000c\000i\000p\000i\000t\000a\000c\000i\000\363\000n}{section.3.12}% 57
\BOOKMARK [2][-]{subsection.3.12.2}{\376\377\0003\000.\0001\0002\000.\0002\000\040\000I\000n\000f\000l\000u\000e\000n\000c\000i\000a\000\040\000d\000e\000l\000\040\000p\000a\000c\000\355\000f\000i\000c\000o\000\040\000y\000\040\000r\000o\000l\000\040\000d\000e\000\040\000l\000a\000\040\000o\000r\000o\000g\000r\000a\000f\000\355\000a}{section.3.12}% 58
\BOOKMARK [2][-]{subsection.3.12.3}{\376\377\0003\000.\0001\0002\000.\0003\000\040\000I\000m\000p\000o\000r\000t\000a\000n\000c\000i\000a\000\040\000d\000e\000\040\000l\000a\000\040\000p\000r\000e\000d\000i\000c\000c\000i\000\363\000n\000\040\000e\000n\000\040\000l\000a\000\040\000r\000e\000g\000i\000\363\000n}{section.3.12}% 59
\BOOKMARK [0][-]{chapter.4}{\376\377\0004\000\040\000M\000e\000t\000o\000d\000o\000l\000o\000g\000\355\000a}{}% 60
\BOOKMARK [1][-]{section.4.1}{\376\377\0004\000.\0001\000\040\000D\000i\000s\000e\000\361\000o\000\040\000g\000e\000n\000e\000r\000a\000l\000\040\000d\000e\000l\000\040\000e\000s\000t\000u\000d\000i\000o}{chapter.4}% 61
\BOOKMARK [1][-]{section.4.2}{\376\377\0004\000.\0002\000\040\000A\000d\000q\000u\000i\000s\000i\000c\000i\000\363\000n\000\040\000y\000\040\000p\000r\000e\000p\000r\000o\000c\000e\000s\000a\000m\000i\000e\000n\000t\000o\000\040\000d\000e\000\040\000d\000a\000t\000o\000s}{chapter.4}% 62
\BOOKMARK [2][-]{subsection.4.2.1}{\376\377\0004\000.\0002\000.\0001\000\040\000F\000u\000e\000n\000t\000e\000s\000\040\000d\000e\000\040\000d\000a\000t\000o\000s}{section.4.2}% 63
\BOOKMARK [2][-]{subsection.4.2.2}{\376\377\0004\000.\0002\000.\0002\000\040\000N\000o\000r\000m\000a\000l\000i\000z\000a\000c\000i\000\363\000n\000\040\000e\000s\000p\000a\000c\000i\000o\000-\000t\000e\000m\000p\000o\000r\000a\000l}{section.4.2}% 64
\BOOKMARK [2][-]{subsection.4.2.3}{\376\377\0004\000.\0002\000.\0003\000\040\000D\000e\000t\000e\000c\000c\000i\000\363\000n\000\040\000d\000e\000\040\000p\000\355\000x\000e\000l\000e\000s\000\040\000v\000\341\000l\000i\000d\000o\000s\000\040\000y\000\040\000m\000\341\000s\000c\000a\000r\000a\000s\000\040\000e\000s\000p\000a\000c\000i\000a\000l\000e\000s}{section.4.2}% 65
\BOOKMARK [1][-]{section.4.3}{\376\377\0004\000.\0003\000\040\000N\000o\000r\000m\000a\000l\000i\000z\000a\000c\000i\000\363\000n\000\040\000y\000\040\000r\000e\000d\000u\000c\000c\000i\000\363\000n\000\040\000d\000e\000\040\000d\000i\000m\000e\000n\000s\000i\000o\000n\000a\000l\000i\000d\000a\000d}{chapter.4}% 66
\BOOKMARK [2][-]{subsection.4.3.1}{\376\377\0004\000.\0003\000.\0001\000\040\000E\000s\000t\000a\000n\000d\000a\000r\000i\000z\000a\000c\000i\000\363\000n\000\040\000d\000e\000\040\000p\000r\000e\000d\000i\000c\000t\000o\000r\000e\000s}{section.4.3}% 67
\BOOKMARK [2][-]{subsection.4.3.2}{\376\377\0004\000.\0003\000.\0002\000\040\000A\000n\000\341\000l\000i\000s\000i\000s\000\040\000d\000e\000\040\000C\000o\000m\000p\000o\000n\000e\000n\000t\000e\000s\000\040\000P\000r\000i\000n\000c\000i\000p\000a\000l\000e\000s\000\040\000\050\000P\000C\000A\000\051}{section.4.3}% 68
\BOOKMARK [1][-]{section.4.4}{\376\377\0004\000.\0004\000\040\000C\000o\000n\000s\000t\000r\000u\000c\000c\000i\000\363\000n\000\040\000y\000\040\000s\000e\000g\000m\000e\000n\000t\000a\000c\000i\000\363\000n\000\040\000d\000e\000\040\000s\000e\000c\000u\000e\000n\000c\000i\000a\000s\000\040\000t\000e\000m\000p\000o\000r\000a\000l\000e\000s}{chapter.4}% 69
\BOOKMARK [2][-]{subsection.4.4.1}{\376\377\0004\000.\0004\000.\0001\000\040\000V\000e\000n\000t\000a\000n\000a\000s\000\040\000d\000e\000\040\000e\000n\000t\000r\000a\000d\000a}{section.4.4}% 70
\BOOKMARK [2][-]{subsection.4.4.2}{\376\377\0004\000.\0004\000.\0002\000\040\000D\000i\000v\000i\000s\000i\000\363\000n\000\040\000c\000r\000o\000n\000o\000l\000\363\000g\000i\000c\000a\000\040\000d\000e\000l\000\040\000c\000o\000n\000j\000u\000n\000t\000o\000\040\000d\000e\000\040\000d\000a\000t\000o\000s}{section.4.4}% 71
\BOOKMARK [1][-]{section.4.5}{\376\377\0004\000.\0005\000\040\000A\000r\000q\000u\000i\000t\000e\000c\000t\000u\000r\000a\000\040\000d\000e\000l\000\040\000m\000o\000d\000e\000l\000o\000\040\000L\000S\000T\000M\000\040\000m\000u\000l\000t\000i\000-\000t\000o\000r\000r\000e}{chapter.4}% 72
\BOOKMARK [2][-]{subsection.4.5.1}{\376\377\0004\000.\0005\000.\0001\000\040\000D\000i\000s\000e\000\361\000o\000\040\000d\000e\000\040\000e\000n\000t\000r\000a\000d\000a\000\040\000y\000\040\000t\000o\000r\000r\000e\000s\000\040\000p\000a\000r\000a\000l\000e\000l\000a\000s}{section.4.5}% 73
\BOOKMARK [2][-]{subsection.4.5.2}{\376\377\0004\000.\0005\000.\0002\000\040\000F\000u\000s\000i\000\363\000n\000\040\000d\000e\000\040\000r\000e\000p\000r\000e\000s\000e\000n\000t\000a\000c\000i\000o\000n\000e\000s\000\040\000y\000\040\000d\000e\000c\000o\000d\000i\000f\000i\000c\000a\000c\000i\000\363\000n\000\040\000e\000s\000p\000a\000c\000i\000a\000l}{section.4.5}% 74
\BOOKMARK [2][-]{subsection.4.5.3}{\376\377\0004\000.\0005\000.\0003\000\040\000T\000r\000a\000n\000s\000f\000o\000r\000m\000a\000c\000i\000\363\000n\000\040\000d\000e\000\040\000o\000b\000j\000e\000t\000i\000v\000o}{section.4.5}% 75
\BOOKMARK [1][-]{section.4.6}{\376\377\0004\000.\0006\000\040\000E\000n\000t\000r\000e\000n\000a\000m\000i\000e\000n\000t\000o\000\040\000d\000e\000l\000\040\000m\000o\000d\000e\000l\000o}{chapter.4}% 76
\BOOKMARK [2][-]{subsection.4.6.1}{\376\377\0004\000.\0006\000.\0001\000\040\000F\000u\000n\000c\000i\000\363\000n\000\040\000d\000e\000\040\000p\000\351\000r\000d\000i\000d\000a\000\040\000y\000\040\000o\000p\000t\000i\000m\000i\000z\000a\000d\000o\000r}{section.4.6}% 77
\BOOKMARK [2][-]{subsection.4.6.2}{\376\377\0004\000.\0006\000.\0002\000\040\000R\000e\000g\000u\000l\000a\000r\000i\000z\000a\000c\000i\000\363\000n\000\040\000y\000\040\000d\000e\000t\000e\000n\000c\000i\000\363\000n\000\040\000t\000e\000m\000p\000r\000a\000n\000a}{section.4.6}% 78
\BOOKMARK [2][-]{subsection.4.6.3}{\376\377\0004\000.\0006\000.\0003\000\040\000A\000c\000u\000m\000u\000l\000a\000c\000i\000\363\000n\000\040\000d\000e\000\040\000g\000r\000a\000d\000i\000e\000n\000t\000e\000s}{section.4.6}% 79
\BOOKMARK [1][-]{section.4.7}{\376\377\0004\000.\0007\000\040\000E\000v\000a\000l\000u\000a\000c\000i\000\363\000n\000\040\000d\000e\000l\000\040\000m\000o\000d\000e\000l\000o}{chapter.4}% 80
\BOOKMARK [2][-]{subsection.4.7.1}{\376\377\0004\000.\0007\000.\0001\000\040\000M\000\351\000t\000r\000i\000c\000a\000s\000\040\000d\000e\000\040\000e\000r\000r\000o\000r\000\040\000g\000l\000o\000b\000a\000l}{section.4.7}% 81
\BOOKMARK [2][-]{subsection.4.7.2}{\376\377\0004\000.\0007\000.\0002\000\040\000M\000\351\000t\000r\000i\000c\000a\000s\000\040\000d\000e\000\040\000e\000f\000i\000c\000i\000e\000n\000c\000i\000a\000\040\000d\000e\000\040\000m\000o\000d\000e\000l\000o\000s\000\040\000h\000i\000d\000r\000o\000l\000\363\000g\000i\000c\000o\000s}{section.4.7}% 82
\BOOKMARK [2][-]{subsection.4.7.3}{\376\377\0004\000.\0007\000.\0003\000\040\000A\000n\000\341\000l\000i\000s\000i\000s\000\040\000t\000e\000m\000p\000o\000r\000a\000l\000\040\000y\000\040\000e\000s\000p\000a\000c\000i\000a\000l}{section.4.7}% 83
\BOOKMARK [2][-]{subsection.4.7.4}{\376\377\0004\000.\0007\000.\0004\000\040\000D\000i\000s\000t\000r\000i\000b\000u\000c\000i\000o\000n\000e\000s\000\040\000y\000\040\000e\000s\000t\000a\000d\000\355\000s\000t\000i\000c\000a\000s\000\040\000d\000e\000\040\000e\000n\000t\000r\000e\000n\000a\000m\000i\000e\000n\000t\000o}{section.4.7}% 84
\BOOKMARK [1][-]{section.4.8}{\376\377\0004\000.\0008\000\040\000D\000i\000a\000g\000n\000\363\000s\000t\000i\000c\000o\000s\000\040\000e\000j\000e\000c\000u\000t\000a\000d\000o\000s}{chapter.4}% 85
\BOOKMARK [1][-]{section.4.9}{\376\377\0004\000.\0009\000\040\000P\000r\000o\000c\000e\000d\000i\000m\000i\000e\000n\000t\000o\000\040\000d\000e\000\040\000P\000r\000e\000d\000i\000c\000c\000i\000\363\000n\000\040\000o\000p\000e\000r\000a\000t\000i\000v\000a}{chapter.4}% 86
\BOOKMARK [1][-]{section.4.10}{\376\377\0004\000.\0001\0000\000\040\000P\000r\000o\000c\000e\000s\000a\000m\000i\000e\000n\000t\000o\000\040\000g\000e\000o\000g\000r\000\341\000f\000i\000c\000o\000\040\000d\000e\000\040\000r\000e\000s\000u\000l\000t\000a\000d\000o\000s}{chapter.4}% 87
\BOOKMARK [0][-]{chapter.5}{\376\377\0005\000\040\000R\000e\000s\000u\000l\000t\000a\000d\000o\000s}{}% 88
\BOOKMARK [0][-]{chapter.6}{\376\377\0006\000\040\000C\000o\000n\000c\000l\000u\000s\000i\000o\000n\000e\000s}{}% 89
\BOOKMARK [0][-]{chapter.7}{\376\377\0007\000\040\000R\000e\000c\000o\000m\000e\000n\000d\000a\000c\000i\000o\000n\000e\000s}{}% 90
